<?xml version="1.0" encoding="UTF-8"?>
<!-- Generated by org.testng.reporters.JUnitReportReporter -->
<testsuite hostname="LAPTOP-9FT84NNT" failures="0" tests="5" name="Testng_Framework.Lect4" time="0.040" errors="0" timestamp="2022-07-29T17:17:21 IST" skipped="0">
  <testcase classname="Testng_Framework.Lect4" name="MobileloginHomeLoan" time="0.005"/>
  <system-out/>
  <testcase classname="Testng_Framework.Lect4" name="LoginAPIHomeLoan" time="0.005"/>
  <system-out/>
  <testcase classname="Testng_Framework.Lect4" name="WebloginHomeLoan" time="0.006"/>
  <system-out/>
  <testcase classname="Testng_Framework.Lect4" name="MobileloginHomeLoan" time="0.008"/>
  <system-out/>
  <testcase classname="Testng_Framework.Lect4" name="MobileloginHomeLoan" time="0.016"/>
  <system-out/>
</testsuite> <!-- Testng_Framework.Lect4 -->
