<?xml version="1.0" encoding="UTF-8"?>
<!-- Generated by org.testng.reporters.JUnitReportReporter -->
<testsuite hostname="LAPTOP-9FT84NNT" failures="0" tests="2" name="Testng_Framework.Lect3" time="0.126" errors="0" timestamp="2022-07-29T17:17:21 IST" skipped="0">
  <testcase classname="Testng_Framework.Lect3" name="WebloginCarLoan" time="0.012"/>
  <system-out/>
  <testcase classname="Testng_Framework.Lect3" name="LoginAPICarLoan" time="0.114"/>
  <system-out/>
</testsuite> <!-- Testng_Framework.Lect3 -->
