<?xml version="1.0" encoding="UTF-8"?>
<!-- Generated by org.testng.reporters.JUnitReportReporter -->
<testsuite hostname="LAPTOP-9FT84NNT" failures="0" tests="1" name="Testng_Framework.Lect1_part" time="0.052" errors="0" timestamp="2022-07-29T17:17:21 IST" skipped="0">
  <testcase classname="Testng_Framework.Lect1_part" name="Loan" time="0.052"/>
  <system-out/>
</testsuite> <!-- Testng_Framework.Lect1_part -->
