<?xml version="1.0" encoding="UTF-8"?>
<!-- Generated by org.testng.reporters.JUnitReportReporter -->
<testsuite hostname="LAPTOP-9FT84NNT" failures="0" tests="1" name="Testng_Framework.Lexture1" time="0.043" errors="0" timestamp="2022-07-29T17:04:15 IST" skipped="0">
  <testcase classname="Testng_Framework.Lexture1" name="Test2" time="0.043"/>
  <system-out/>
</testsuite> <!-- Testng_Framework.Lexture1 -->
