<?xml version="1.0" encoding="UTF-8"?>
<!-- Generated by org.testng.reporters.JUnitReportReporter -->
<testsuite hostname="LAPTOP-9FT84NNT" name="qaclickacademy.MavenJava.RestAPITest" tests="2" failures="0" timestamp="21 Jul 2022 05:41:57 GMT" time="0.038" errors="0">
  <testcase name="deleteTwitter" time="0.038" classname="qaclickacademy.MavenJava.RestAPITest"/>
  <testcase name="postJira" time="0.000" classname="qaclickacademy.MavenJava.RestAPITest"/>
</testsuite> <!-- qaclickacademy.MavenJava.RestAPITest -->
