<?xml version="1.0" encoding="UTF-8"?>
<!-- Generated by org.testng.reporters.JUnitReportReporter -->
<testsuite hostname="LAPTOP-9FT84NNT" name="qaclickacademy.MavenJava.SeleniumTest" tests="2" failures="0" timestamp="21 Jul 2022 05:41:57 GMT" time="0.006" errors="0">
  <testcase name="BrowserAutomation" time="0.003" classname="qaclickacademy.MavenJava.SeleniumTest"/>
  <testcase name="elementsUI" time="0.003" classname="qaclickacademy.MavenJava.SeleniumTest"/>
</testsuite> <!-- qaclickacademy.MavenJava.SeleniumTest -->
