<?xml version="1.0" encoding="UTF-8"?>
<!-- Generated by org.testng.reporters.JUnitReportReporter -->
<testsuite hostname="LAPTOP-9FT84NNT" failures="0" tests="2" name="qaclickacademy.MavenJava.RestAPITest" time="0.057" errors="0" timestamp="2022-07-21T11:10:23 IST" skipped="0">
  <testcase classname="qaclickacademy.MavenJava.RestAPITest" name="deleteTwitter" time="0.039"/>
  <system-out/>
  <testcase classname="qaclickacademy.MavenJava.RestAPITest" name="postJira" time="0.018"/>
  <system-out/>
</testsuite> <!-- qaclickacademy.MavenJava.RestAPITest -->
