<?xml version="1.0" encoding="UTF-8"?>
<!-- Generated by org.testng.reporters.JUnitReportReporter -->
<testsuite hostname="LAPTOP-9FT84NNT" failures="0" tests="1" name="TestCases.LoginApplication" time="144.643" errors="0" timestamp="2022-07-23T23:03:37 IST" skipped="0">
  <testcase classname="TestCases.LoginApplication" name="Login" time="144.643"/>
  <system-out/>
</testsuite> <!-- TestCases.LoginApplication -->
